[   115.136] 
X.Org X Server 1.20.11
X Protocol Version 11, Revision 0
[   115.136] Build Operating System: linux Debian
[   115.136] Current Operating System: Linux debian 5.10.0-7-amd64 #1 SMP Debian 5.10.40-1 (2021-05-28) x86_64
[   115.136] Kernel command line: BOOT_IMAGE=/live/vmlinuz-5.10.0-7-amd64 boot=live components selinux=0 lsm=off iomem=relaxed toram
[   115.136] Build Date: 13 April 2021  04:07:31PM
[   115.136] xorg-server 2:1.20.11-1 (https://www.debian.org/support) 
[   115.136] Current version of pixman: 0.40.0
[   115.136] 	Before reporting problems, check http://wiki.x.org
	to make sure that you have the latest version.
[   115.136] Markers: (--) probed, (**) from config file, (==) default setting,
	(++) from command line, (!!) notice, (II) informational,
	(WW) warning, (EE) error, (NI) not implemented, (??) unknown.
[   115.136] (==) Log file: "/var/log/Xorg.0.log", Time: Wed Jun 23 21:19:54 2021
[   115.138] (==) Using system config directory "/usr/share/X11/xorg.conf.d"
[   115.138] (==) No Layout section.  Using the first Screen section.
[   115.138] (==) No screen section available. Using defaults.
[   115.138] (**) |-->Screen "Default Screen Section" (0)
[   115.138] (**) |   |-->Monitor "<default monitor>"
[   115.139] (==) No monitor specified for screen "Default Screen Section".
	Using a default monitor configuration.
[   115.139] (==) Automatically adding devices
[   115.139] (==) Automatically enabling devices
[   115.139] (==) Automatically adding GPU devices
[   115.139] (==) Max clients allowed: 256, resource mask: 0x1fffff
[   115.139] (WW) The directory "/usr/share/fonts/X11/cyrillic" does not exist.
[   115.139] 	Entry deleted from font path.
[   115.139] (==) FontPath set to:
	/usr/share/fonts/X11/misc,
	/usr/share/fonts/X11/100dpi/:unscaled,
	/usr/share/fonts/X11/75dpi/:unscaled,
	/usr/share/fonts/X11/Type1,
	/usr/share/fonts/X11/100dpi,
	/usr/share/fonts/X11/75dpi,
	built-ins
[   115.139] (==) ModulePath set to "/usr/lib/xorg/modules"
[   115.139] (II) The server relies on udev to provide the list of input devices.
	If no devices become available, reconfigure udev or disable AutoAddDevices.
[   115.139] (II) Loader magic: 0x5614564a5e40
[   115.139] (II) Module ABI versions:
[   115.139] 	X.Org ANSI C Emulation: 0.4
[   115.139] 	X.Org Video Driver: 24.1
[   115.139] 	X.Org XInput driver : 24.1
[   115.139] 	X.Org Server Extension : 10.0
[   115.141] (++) using VT number 7

[   115.141] (II) systemd-logind: logind integration requires -keeptty and -keeptty was not provided, disabling logind integration
[   115.143] (II) xfree86: Adding drm device (/dev/dri/card1)
[   115.143] (II) xfree86: Adding drm device (/dev/dri/card0)
[   115.164] (--) PCI:*(0@0:2:0) 8086:3e9b:1558:8561 rev 0, Mem @ 0xb2000000/16777216, 0xb8000000/134217728, I/O @ 0x00005000/64, BIOS @ 0x????????/131072
[   115.164] (--) PCI: (1@0:0:0) 10de:1f91:1558:8560 rev 161, Mem @ 0xb3000000/16777216, 0xa0000000/268435456, 0xb0000000/33554432, I/O @ 0x00004000/128, BIOS @ 0x????????/524288
[   115.164] (II) LoadModule: "glx"
[   115.166] (II) Loading /usr/lib/xorg/modules/extensions/libglx.so
[   115.168] (II) Module glx: vendor="X.Org Foundation"
[   115.168] 	compiled for 1.20.11, module version = 1.0.0
[   115.168] 	ABI class: X.Org Server Extension, version 10.0
[   115.253] (==) Matched modesetting as autoconfigured driver 0
[   115.253] (==) Matched fbdev as autoconfigured driver 1
[   115.253] (==) Matched vesa as autoconfigured driver 2
[   115.253] (==) Assigned the driver to the xf86ConfigLayout
[   115.253] (II) LoadModule: "modesetting"
[   115.253] (II) Loading /usr/lib/xorg/modules/drivers/modesetting_drv.so
[   115.253] (II) Module modesetting: vendor="X.Org Foundation"
[   115.253] 	compiled for 1.20.11, module version = 1.20.11
[   115.253] 	Module class: X.Org Video Driver
[   115.253] 	ABI class: X.Org Video Driver, version 24.1
[   115.253] (II) LoadModule: "fbdev"
[   115.253] (II) Loading /usr/lib/xorg/modules/drivers/fbdev_drv.so
[   115.253] (II) Module fbdev: vendor="X.Org Foundation"
[   115.253] 	compiled for 1.20.0, module version = 0.5.0
[   115.253] 	Module class: X.Org Video Driver
[   115.253] 	ABI class: X.Org Video Driver, version 24.0
[   115.253] (II) LoadModule: "vesa"
[   115.254] (II) Loading /usr/lib/xorg/modules/drivers/vesa_drv.so
[   115.254] (II) Module vesa: vendor="X.Org Foundation"
[   115.254] 	compiled for 1.20.9, module version = 2.5.0
[   115.254] 	Module class: X.Org Video Driver
[   115.254] 	ABI class: X.Org Video Driver, version 24.1
[   115.254] (II) modesetting: Driver for Modesetting Kernel Drivers: kms
[   115.254] (II) FBDEV: driver for framebuffer: fbdev
[   115.254] (II) VESA: driver for VESA chipsets: vesa
[   115.293] (II) modeset(0): using drv /dev/dri/card0
[   115.293] (WW) Falling back to old probe method for fbdev
[   115.293] (II) Loading sub module "fbdevhw"
[   115.293] (II) LoadModule: "fbdevhw"
[   115.293] (II) Loading /usr/lib/xorg/modules/libfbdevhw.so
[   115.293] (II) Module fbdevhw: vendor="X.Org Foundation"
[   115.293] 	compiled for 1.20.11, module version = 0.0.2
[   115.293] 	ABI class: X.Org Video Driver, version 24.1
[   115.293] (II) modeset(G0): using drv /dev/dri/card1
[   115.293] (II) modeset(0): Creating default Display subsection in Screen section
	"Default Screen Section" for depth/fbbpp 24/32
[   115.294] (==) modeset(0): Depth 24, (==) framebuffer bpp 32
[   115.294] (==) modeset(0): RGB weight 888
[   115.294] (==) modeset(0): Default visual is TrueColor
[   115.294] (II) Loading sub module "glamoregl"
[   115.294] (II) LoadModule: "glamoregl"
[   115.294] (II) Loading /usr/lib/xorg/modules/libglamoregl.so
[   115.302] (II) Module glamoregl: vendor="X.Org Foundation"
[   115.302] 	compiled for 1.20.11, module version = 1.0.1
[   115.302] 	ABI class: X.Org ANSI C Emulation, version 0.4
[   115.364] (II) modeset(0): glamor X acceleration enabled on Mesa Intel(R) UHD Graphics 630 (CFL GT2)
[   115.364] (II) modeset(0): glamor initialized
[   115.365] (II) modeset(0): Output eDP-1 has no monitor section
[   115.392] (II) modeset(0): Output HDMI-1 has no monitor section
[   115.393] (II) modeset(0): EDID for output eDP-1
[   115.393] (II) modeset(0): Manufacturer: AUO  Model: 429d  Serial#: ...
[   115.393] (II) modeset(0): Year: 2018  Week: 17
[   115.393] (II) modeset(0): EDID Version: 1.4
[   115.393] (II) modeset(0): Digital Display Input
[   115.393] (II) modeset(0): 8 bits per channel
[   115.393] (II) modeset(0): Digital interface is DisplayPort
[   115.393] (II) modeset(0): Max Image Size [cm]: horiz.: 38  vert.: 22
[   115.393] (II) modeset(0): Gamma: 2.20
[   115.393] (II) modeset(0): No DPMS capabilities specified
[   115.393] (II) modeset(0): Supported color encodings: RGB 4:4:4 
[   115.393] (II) modeset(0): First detailed timing is preferred mode
[   115.393] (II) modeset(0): Preferred mode is native pixel format and refresh rate
[   115.393] (II) modeset(0): redX: 0.639 redY: 0.337   greenX: 0.321 greenY: 0.611
[   115.393] (II) modeset(0): blueX: 0.153 blueY: 0.050   whiteX: 0.313 whiteY: 0.329
[   115.393] (II) modeset(0): Manufacturer's mask: 0
[   115.393] (II) modeset(0): Supported detailed timing:
[   115.393] (II) modeset(0): clock: 144.0 MHz   Image Size:  382 x 215 mm
[   115.393] (II) modeset(0): h_active: 1920  h_sync: 1936  h_sync_end 1952 h_blank_end 2100 h_border: 0
[   115.393] (II) modeset(0): v_active: 1080  v_sync: 1083  v_sync_end 1097 v_blanking: 1142 v_border: 0
[   115.393] (II) modeset(0): Supported detailed timing:
[   115.393] (II) modeset(0): clock: 144.0 MHz   Image Size:  382 x 215 mm
[   115.393] (II) modeset(0): h_active: 1920  h_sync: 1936  h_sync_end 1952 h_blank_end 2100 h_border: 0
[   115.393] (II) modeset(0): v_active: 1080  v_sync: 1083  v_sync_end 1097 v_blanking: 1428 v_border: 0
[   115.393] (II) modeset(0):  AUO
[   115.393] (II) modeset(0):  B173HAN04.2
[   115.393] (II) modeset(0): EDID (in hex):
[   115.393] (II) modeset(0): 	00ffffffffffff0006af9d4200000000
[   115.393] (II) modeset(0): 	111c0104a5261678029675a356529c27
[   115.393] (II) modeset(0): 	0c505400000001010101010101010101
[   115.393] (II) modeset(0): 	010101010101403880b470383e401010
[   115.393] (II) modeset(0): 	3e007ed710000018403880b470385c41
[   115.393] (II) modeset(0): 	10103e007ed710000018000000fe0041
[   115.393] (II) modeset(0): 	554f0a202020202020202020000000fe
[   115.393] (II) modeset(0): 	004231373348414e30342e32200a00e6
[   115.393] (II) modeset(0): Printing probed modes for output eDP-1
[   115.393] (II) modeset(0): Modeline "1920x1080"x60.0  144.00  1920 1936 1952 2100  1080 1083 1097 1142 -hsync -vsync (68.6 kHz eP)
[   115.393] (II) modeset(0): Modeline "1920x1080"x120.0  356.38  1920 2080 2288 2656  1080 1081 1084 1118 doublescan -hsync +vsync (134.2 kHz d)
[   115.393] (II) modeset(0): Modeline "1920x1080"x119.9  266.50  1920 1944 1960 2000  1080 1081 1084 1111 doublescan +hsync -vsync (133.2 kHz d)
[   115.393] (II) modeset(0): Modeline "1920x1080"x60.0  173.00  1920 2048 2248 2576  1080 1083 1088 1120 -hsync +vsync (67.2 kHz d)
[   115.393] (II) modeset(0): Modeline "1920x1080"x48.0  144.00  1920 1936 1952 2100  1080 1083 1097 1428 -hsync -vsync (68.6 kHz e)
[   115.393] (II) modeset(0): Modeline "1920x1080"x59.9  138.50  1920 1968 2000 2080  1080 1083 1088 1111 +hsync -vsync (66.6 kHz d)
[   115.393] (II) modeset(0): Modeline "1680x1050"x60.0  146.25  1680 1784 1960 2240  1050 1053 1059 1089 -hsync +vsync (65.3 kHz d)
[   115.393] (II) modeset(0): Modeline "1680x1050"x59.9  119.00  1680 1728 1760 1840  1050 1053 1059 1080 +hsync -vsync (64.7 kHz d)
[   115.393] (II) modeset(0): Modeline "1600x1024"x60.2  103.12  1600 1600 1656 1664  1024 1024 1029 1030 +hsync +vsync (62.0 kHz d)
[   115.393] (II) modeset(0): Modeline "1400x1050"x60.0  122.00  1400 1488 1640 1880  1050 1052 1064 1082 +hsync +vsync (64.9 kHz d)
[   115.393] (II) modeset(0): Modeline "1600x900"x120.0  246.00  1600 1728 1900 2200  900 901 904 932 doublescan -hsync +vsync (111.8 kHz d)
[   115.393] (II) modeset(0): Modeline "1600x900"x119.9  186.50  1600 1624 1640 1680  900 901 904 926 doublescan +hsync -vsync (111.0 kHz d)
[   115.393] (II) modeset(0): Modeline "1600x900"x59.9  118.25  1600 1696 1856 2112  900 903 908 934 -hsync +vsync (56.0 kHz d)
[   115.393] (II) modeset(0): Modeline "1600x900"x59.8   97.50  1600 1648 1680 1760  900 903 908 926 +hsync -vsync (55.4 kHz d)
[   115.393] (II) modeset(0): Modeline "1280x1024"x60.0  108.00  1280 1328 1440 1688  1024 1025 1028 1066 +hsync +vsync (64.0 kHz d)
[   115.393] (II) modeset(0): Modeline "1440x900"x59.9  106.50  1440 1520 1672 1904  900 903 909 934 -hsync +vsync (55.9 kHz d)
[   115.393] (II) modeset(0): Modeline "1400x900"x60.0  103.50  1400 1480 1624 1848  900 903 913 934 -hsync +vsync (56.0 kHz d)
[   115.393] (II) modeset(0): Modeline "1400x900"x59.9   86.50  1400 1448 1480 1560  900 903 913 926 +hsync -vsync (55.4 kHz d)
[   115.393] (II) modeset(0): Modeline "1280x960"x60.0  108.00  1280 1376 1488 1800  960 961 964 1000 +hsync +vsync (60.0 kHz d)
[   115.393] (II) modeset(0): Modeline "1440x810"x120.0  198.12  1440 1548 1704 1968  810 811 814 839 doublescan -hsync +vsync (100.7 kHz d)
[   115.393] (II) modeset(0): Modeline "1440x810"x119.9  151.88  1440 1464 1480 1520  810 811 814 833 doublescan +hsync -vsync (99.9 kHz d)
[   115.393] (II) modeset(0): Modeline "1368x768"x59.9   85.25  1368 1440 1576 1784  768 771 781 798 -hsync +vsync (47.8 kHz d)
[   115.393] (II) modeset(0): Modeline "1368x768"x59.9   72.25  1368 1416 1448 1528  768 771 781 790 +hsync -vsync (47.3 kHz d)
[   115.393] (II) modeset(0): Modeline "1360x768"x59.8   84.75  1360 1432 1568 1776  768 771 781 798 -hsync +vsync (47.7 kHz d)
[   115.393] (II) modeset(0): Modeline "1360x768"x60.0   72.00  1360 1408 1440 1520  768 771 781 790 +hsync -vsync (47.4 kHz d)
[   115.393] (II) modeset(0): Modeline "1280x800"x120.0  174.25  1280 1380 1516 1752  800 801 804 829 doublescan -hsync +vsync (99.5 kHz d)
[   115.393] (II) modeset(0): Modeline "1280x800"x119.9  134.25  1280 1304 1320 1360  800 801 804 823 doublescan +hsync -vsync (98.7 kHz d)
[   115.393] (II) modeset(0): Modeline "1280x800"x59.8   83.50  1280 1352 1480 1680  800 803 809 831 -hsync +vsync (49.7 kHz d)
[   115.393] (II) modeset(0): Modeline "1280x800"x59.9   71.00  1280 1328 1360 1440  800 803 809 823 +hsync -vsync (49.3 kHz d)
[   115.393] (II) modeset(0): Modeline "1152x864"x60.0   81.62  1152 1216 1336 1520  864 865 868 895 -hsync +vsync (53.7 kHz d)
[   115.393] (II) modeset(0): Modeline "1280x720"x120.0  156.12  1280 1376 1512 1744  720 721 724 746 doublescan -hsync +vsync (89.5 kHz d)
[   115.393] (II) modeset(0): Modeline "1280x720"x120.0  120.75  1280 1304 1320 1360  720 721 724 740 doublescan +hsync -vsync (88.8 kHz d)
[   115.393] (II) modeset(0): Modeline "1280x720"x59.9   74.50  1280 1344 1472 1664  720 723 728 748 -hsync +vsync (44.8 kHz d)
[   115.393] (II) modeset(0): Modeline "1280x720"x59.7   63.75  1280 1328 1360 1440  720 723 728 741 +hsync -vsync (44.3 kHz d)
[   115.393] (II) modeset(0): Modeline "1024x768"x120.1  133.47  1024 1100 1212 1400  768 768 770 794 doublescan -hsync +vsync (95.3 kHz d)
[   115.393] (II) modeset(0): Modeline "1024x768"x60.0   65.00  1024 1048 1184 1344  768 771 777 806 -hsync -vsync (48.4 kHz d)
[   115.393] (II) modeset(0): Modeline "960x720"x120.0  117.00  960 1024 1128 1300  720 720 722 750 doublescan -hsync +vsync (90.0 kHz d)
[   115.393] (II) modeset(0): Modeline "928x696"x120.1  109.15  928 976 1088 1264  696 696 698 719 doublescan -hsync +vsync (86.4 kHz d)
[   115.393] (II) modeset(0): Modeline "896x672"x120.0  102.40  896 960 1060 1224  672 672 674 697 doublescan -hsync +vsync (83.7 kHz d)
[   115.393] (II) modeset(0): Modeline "1024x576"x119.9   98.50  1024 1092 1200 1376  576 577 580 597 doublescan -hsync +vsync (71.6 kHz d)
[   115.393] (II) modeset(0): Modeline "1024x576"x119.9   78.38  1024 1048 1064 1104  576 577 580 592 doublescan +hsync -vsync (71.0 kHz d)
[   115.393] (II) modeset(0): Modeline "1024x576"x59.9   46.50  1024 1064 1160 1296  576 579 584 599 -hsync +vsync (35.9 kHz d)
[   115.393] (II) modeset(0): Modeline "1024x576"x59.8   42.00  1024 1072 1104 1184  576 579 584 593 +hsync -vsync (35.5 kHz d)
[   115.393] (II) modeset(0): Modeline "960x600"x119.9   96.62  960 1028 1128 1296  600 601 604 622 doublescan -hsync +vsync (74.6 kHz d)
[   115.393] (II) modeset(0): Modeline "960x600"x120.0   77.00  960 984 1000 1040  600 601 604 617 doublescan +hsync -vsync (74.0 kHz d)
[   115.393] (II) modeset(0): Modeline "960x540"x119.9   86.50  960 1024 1124 1288  540 541 544 560 doublescan -hsync +vsync (67.2 kHz d)
[   115.393] (II) modeset(0): Modeline "960x540"x120.0   69.25  960 984 1000 1040  540 541 544 555 doublescan +hsync -vsync (66.6 kHz d)
[   115.393] (II) modeset(0): Modeline "960x540"x59.6   40.75  960 992 1088 1216  540 543 548 562 -hsync +vsync (33.5 kHz d)
[   115.393] (II) modeset(0): Modeline "960x540"x59.8   37.25  960 1008 1040 1120  540 543 548 556 +hsync -vsync (33.3 kHz d)
[   115.393] (II) modeset(0): Modeline "800x600"x120.0   81.00  800 832 928 1080  600 600 602 625 doublescan +hsync +vsync (75.0 kHz d)
[   115.393] (II) modeset(0): Modeline "800x600"x60.3   40.00  800 840 968 1056  600 601 605 628 +hsync +vsync (37.9 kHz d)
[   115.393] (II) modeset(0): Modeline "800x600"x56.2   36.00  800 824 896 1024  600 601 603 625 +hsync +vsync (35.2 kHz d)
[   115.393] (II) modeset(0): Modeline "840x525"x120.0   73.12  840 892 980 1120  525 526 529 544 doublescan -hsync +vsync (65.3 kHz d)
[   115.393] (II) modeset(0): Modeline "840x525"x119.8   59.50  840 864 880 920  525 526 529 540 doublescan +hsync -vsync (64.7 kHz d)
[   115.393] (II) modeset(0): Modeline "864x486"x59.9   32.50  864 888 968 1072  486 489 494 506 -hsync +vsync (30.3 kHz d)
[   115.393] (II) modeset(0): Modeline "864x486"x59.6   30.50  864 912 944 1024  486 489 494 500 +hsync -vsync (29.8 kHz d)
[   115.393] (II) modeset(0): Modeline "800x512"x120.3   51.56  800 800 828 832  512 512 514 515 doublescan +hsync +vsync (62.0 kHz d)
[   115.393] (II) modeset(0): Modeline "700x525"x120.0   61.00  700 744 820 940  525 526 532 541 doublescan +hsync +vsync (64.9 kHz d)
[   115.393] (II) modeset(0): Modeline "800x450"x119.9   59.12  800 848 928 1056  450 451 454 467 doublescan -hsync +vsync (56.0 kHz d)
[   115.393] (II) modeset(0): Modeline "800x450"x119.6   48.75  800 824 840 880  450 451 454 463 doublescan +hsync -vsync (55.4 kHz d)
[   115.393] (II) modeset(0): Modeline "640x512"x120.0   54.00  640 664 720 844  512 512 514 533 doublescan +hsync +vsync (64.0 kHz d)
[   115.393] (II) modeset(0): Modeline "720x450"x119.8   53.25  720 760 836 952  450 451 454 467 doublescan -hsync +vsync (55.9 kHz d)
[   115.393] (II) modeset(0): Modeline "700x450"x119.9   51.75  700 740 812 924  450 451 456 467 doublescan -hsync +vsync (56.0 kHz d)
[   115.393] (II) modeset(0): Modeline "700x450"x119.8   43.25  700 724 740 780  450 451 456 463 doublescan +hsync -vsync (55.4 kHz d)
[   115.393] (II) modeset(0): Modeline "640x480"x120.0   54.00  640 688 744 900  480 480 482 500 doublescan +hsync +vsync (60.0 kHz d)
[   115.393] (II) modeset(0): Modeline "640x480"x59.9   25.18  640 656 752 800  480 490 492 525 -hsync -vsync (31.5 kHz d)
[   115.393] (II) modeset(0): Modeline "720x405"x59.5   22.50  720 744 808 896  405 408 413 422 -hsync +vsync (25.1 kHz d)
[   115.393] (II) modeset(0): Modeline "720x405"x59.0   21.75  720 768 800 880  405 408 413 419 +hsync -vsync (24.7 kHz d)
[   115.393] (II) modeset(0): Modeline "684x384"x119.8   42.62  684 720 788 892  384 385 390 399 doublescan -hsync +vsync (47.8 kHz d)
[   115.393] (II) modeset(0): Modeline "684x384"x119.7   36.12  684 708 724 764  384 385 390 395 doublescan +hsync -vsync (47.3 kHz d)
[   115.393] (II) modeset(0): Modeline "680x384"x119.6   42.38  680 716 784 888  384 385 390 399 doublescan -hsync +vsync (47.7 kHz d)
[   115.393] (II) modeset(0): Modeline "680x384"x119.9   36.00  680 704 720 760  384 385 390 395 doublescan +hsync -vsync (47.4 kHz d)
[   115.393] (II) modeset(0): Modeline "640x400"x119.8   41.75  640 676 740 840  400 401 404 415 doublescan -hsync +vsync (49.7 kHz d)
[   115.393] (II) modeset(0): Modeline "640x400"x120.0   35.50  640 664 680 720  400 401 404 411 doublescan +hsync -vsync (49.3 kHz d)
[   115.393] (II) modeset(0): Modeline "576x432"x120.1   40.81  576 608 668 760  432 432 434 447 doublescan -hsync +vsync (53.7 kHz d)
[   115.393] (II) modeset(0): Modeline "640x360"x119.7   37.25  640 672 736 832  360 361 364 374 doublescan -hsync +vsync (44.8 kHz d)
[   115.393] (II) modeset(0): Modeline "640x360"x119.7   31.88  640 664 680 720  360 361 364 370 doublescan +hsync -vsync (44.3 kHz d)
[   115.393] (II) modeset(0): Modeline "640x360"x59.8   18.00  640 664 720 800  360 363 368 376 -hsync +vsync (22.5 kHz d)
[   115.393] (II) modeset(0): Modeline "640x360"x59.3   17.75  640 688 720 800  360 363 368 374 +hsync -vsync (22.2 kHz d)
[   115.393] (II) modeset(0): Modeline "512x384"x120.0   32.50  512 524 592 672  384 385 388 403 doublescan -hsync -vsync (48.4 kHz d)
[   115.393] (II) modeset(0): Modeline "512x288"x120.0   23.25  512 532 580 648  288 289 292 299 doublescan -hsync +vsync (35.9 kHz d)
[   115.393] (II) modeset(0): Modeline "512x288"x119.8   21.00  512 536 552 592  288 289 292 296 doublescan +hsync -vsync (35.5 kHz d)
[   115.393] (II) modeset(0): Modeline "480x270"x119.3   20.38  480 496 544 608  270 271 274 281 doublescan -hsync +vsync (33.5 kHz d)
[   115.393] (II) modeset(0): Modeline "480x270"x119.6   18.62  480 504 520 560  270 271 274 278 doublescan +hsync -vsync (33.3 kHz d)
[   115.393] (II) modeset(0): Modeline "400x300"x120.6   20.00  400 420 484 528  300 300 302 314 doublescan +hsync +vsync (37.9 kHz d)
[   115.393] (II) modeset(0): Modeline "400x300"x112.7   18.00  400 412 448 512  300 300 301 312 doublescan +hsync +vsync (35.2 kHz d)
[   115.393] (II) modeset(0): Modeline "432x243"x119.8   16.25  432 444 484 536  243 244 247 253 doublescan -hsync +vsync (30.3 kHz d)
[   115.393] (II) modeset(0): Modeline "432x243"x119.1   15.25  432 456 472 512  243 244 247 250 doublescan +hsync -vsync (29.8 kHz d)
[   115.393] (II) modeset(0): Modeline "320x240"x120.1   12.59  320 328 376 400  240 245 246 262 doublescan -hsync -vsync (31.5 kHz d)
[   115.393] (II) modeset(0): Modeline "360x202"x119.0   11.25  360 372 404 448  202 204 206 211 doublescan -hsync +vsync (25.1 kHz d)
[   115.393] (II) modeset(0): Modeline "360x202"x118.3   10.88  360 384 400 440  202 204 206 209 doublescan +hsync -vsync (24.7 kHz d)
[   115.393] (II) modeset(0): Modeline "320x180"x119.7    9.00  320 332 360 400  180 181 184 188 doublescan -hsync +vsync (22.5 kHz d)
[   115.393] (II) modeset(0): Modeline "320x180"x118.6    8.88  320 344 360 400  180 181 184 187 doublescan +hsync -vsync (22.2 kHz d)
[   115.421] (II) modeset(0): EDID for output HDMI-1
[   115.421] (II) modeset(0): Manufacturer: SAM  Model: f1c  Serial#: ...
[   115.421] (II) modeset(0): Year: 2019  Week: 2
[   115.421] (II) modeset(0): EDID Version: 1.3
[   115.421] (II) modeset(0): Digital Display Input
[   115.421] (II) modeset(0): Max Image Size [cm]: horiz.: 80  vert.: 33
[   115.421] (II) modeset(0): Gamma: 2.20
[   115.421] (II) modeset(0): DPMS capabilities: Off
[   115.421] (II) modeset(0): Supported color encodings: RGB 4:4:4 YCrCb 4:4:4 
[   115.421] (II) modeset(0): First detailed timing is preferred mode
[   115.421] (II) modeset(0): redX: 0.680 redY: 0.312   greenX: 0.262 greenY: 0.662
[   115.421] (II) modeset(0): blueX: 0.149 blueY: 0.058   whiteX: 0.313 whiteY: 0.329
[   115.421] (II) modeset(0): Supported established timings:
[   115.421] (II) modeset(0): 720x400@70Hz
[   115.421] (II) modeset(0): 640x480@60Hz
[   115.421] (II) modeset(0): 640x480@67Hz
[   115.421] (II) modeset(0): 640x480@72Hz
[   115.421] (II) modeset(0): 640x480@75Hz
[   115.421] (II) modeset(0): 800x600@56Hz
[   115.421] (II) modeset(0): 800x600@60Hz
[   115.421] (II) modeset(0): 800x600@72Hz
[   115.421] (II) modeset(0): 800x600@75Hz
[   115.421] (II) modeset(0): 832x624@75Hz
[   115.421] (II) modeset(0): 1024x768@60Hz
[   115.421] (II) modeset(0): 1024x768@70Hz
[   115.421] (II) modeset(0): 1024x768@75Hz
[   115.421] (II) modeset(0): 1280x1024@75Hz
[   115.421] (II) modeset(0): 1152x864@75Hz
[   115.421] (II) modeset(0): Manufacturer's mask: 0
[   115.421] (II) modeset(0): Supported standard timings:
[   115.421] (II) modeset(0): #0: hsize: 1152  vsize 864  refresh: 75  vid: 20337
[   115.421] (II) modeset(0): #1: hsize: 1280  vsize 800  refresh: 60  vid: 129
[   115.421] (II) modeset(0): #2: hsize: 1280  vsize 720  refresh: 60  vid: 49281
[   115.421] (II) modeset(0): #3: hsize: 1280  vsize 1024  refresh: 60  vid: 32897
[   115.421] (II) modeset(0): #4: hsize: 1440  vsize 900  refresh: 60  vid: 149
[   115.421] (II) modeset(0): #5: hsize: 1600  vsize 900  refresh: 60  vid: 49321
[   115.421] (II) modeset(0): #6: hsize: 1680  vsize 1050  refresh: 60  vid: 179
[   115.421] (II) modeset(0): Supported detailed timing:
[   115.421] (II) modeset(0): clock: 319.8 MHz   Image Size:  797 x 333 mm
[   115.421] (II) modeset(0): h_active: 3440  h_sync: 3488  h_sync_end 3520 h_blank_end 3600 h_border: 0
[   115.421] (II) modeset(0): v_active: 1440  v_sync: 1443  v_sync_end 1453 v_blanking: 1481 v_border: 0
[   115.421] (II) modeset(0): Ranges: V min: 50 V max: 100 Hz, H min: 30 H max: 152 kHz, PixClock max 555 MHz
[   115.421] (II) modeset(0): Monitor name: C34J79x
[   115.421] (II) modeset(0): Serial No: HTJM100347
[   115.421] (II) modeset(0): Supported detailed timing:
[   115.421] (II) modeset(0): clock: 265.2 MHz   Image Size:  797 x 333 mm
[   115.421] (II) modeset(0): h_active: 3440  h_sync: 3488  h_sync_end 3520 h_blank_end 3600 h_border: 0
[   115.421] (II) modeset(0): v_active: 1440  v_sync: 1443  v_sync_end 1453 v_blanking: 1474 v_border: 0
[   115.421] (II) modeset(0): Supported detailed timing:
[   115.421] (II) modeset(0): clock: 543.5 MHz   Image Size:  797 x 333 mm
[   115.421] (II) modeset(0): h_active: 3440  h_sync: 3488  h_sync_end 3520 h_blank_end 3600 h_border: 0
[   115.421] (II) modeset(0): v_active: 1440  v_sync: 1443  v_sync_end 1453 v_blanking: 1510 v_border: 0
[   115.421] (II) modeset(0): Supported detailed timing:
[   115.421] (II) modeset(0): clock: 241.5 MHz   Image Size:  797 x 333 mm
[   115.421] (II) modeset(0): h_active: 2560  h_sync: 2608  h_sync_end 2640 h_blank_end 2720 h_border: 0
[   115.421] (II) modeset(0): v_active: 1440  v_sync: 1443  v_sync_end 1448 v_blanking: 1481 v_border: 0
[   115.421] (II) modeset(0): Supported detailed timing:
[   115.421] (II) modeset(0): clock: 148.5 MHz   Image Size:  0 x 0 mm
[   115.421] (II) modeset(0): h_active: 1920  h_sync: 2008  h_sync_end 2052 h_blank_end 2200 h_border: 0
[   115.421] (II) modeset(0): v_active: 1080  v_sync: 1084  v_sync_end 1089 v_blanking: 1125 v_border: 0
[   115.421] (II) modeset(0): Supported detailed timing:
[   115.421] (II) modeset(0): clock: 198.0 MHz   Image Size:  797 x 333 mm
[   115.421] (II) modeset(0): h_active: 2560  h_sync: 2808  h_sync_end 2852 h_blank_end 3000 h_border: 0
[   115.421] (II) modeset(0): v_active: 1080  v_sync: 1084  v_sync_end 1089 v_blanking: 1100 v_border: 0
[   115.421] (II) modeset(0): Number of EDID sections to follow: 1
[   115.421] (II) modeset(0): EDID (in hex):
[   115.421] (II) modeset(0): 	00ffffffffffff004c2d1c0f53415430
[   115.421] (II) modeset(0): 	021d0103805021782a0275ae5043a926
[   115.421] (II) modeset(0): 	0e5054bfef80714f810081c081809500
[   115.421] (II) modeset(0): 	a9c0b3000101e77c70a0d0a029503020
[   115.421] (II) modeset(0): 	3a001d4d3100001a000000fd0032641e
[   115.421] (II) modeset(0): 	9837000a202020202020000000fc0043
[   115.421] (II) modeset(0): 	33344a3739780a2020202020000000ff
[   115.421] (II) modeset(0): 	0048544a4d3130303334370a202001e4
[   115.421] (II) modeset(0): 	020324f147901f041303125a23090707
[   115.421] (II) modeset(0): 	8301000067030c001000803c67d85dc4
[   115.421] (II) modeset(0): 	016e80009d6770a0d0a0225030203a00
[   115.421] (II) modeset(0): 	1d4d3100001a4ed470a0d0a046503020
[   115.421] (II) modeset(0): 	3a001d4d3100001a565e00a0a0a02950
[   115.421] (II) modeset(0): 	302035001d4d3100001a023a80187138
[   115.421] (II) modeset(0): 	2d40582c450000000000001e584d00b8
[   115.421] (II) modeset(0): 	a1381440f82c45001d4d3100001e00ab
[   115.421] (--) modeset(0): HDMI max TMDS frequency 300000KHz
[   115.421] (II) modeset(0): Printing probed modes for output HDMI-1
[   115.421] (II) modeset(0): Modeline "3440x1440"x50.0  265.25  3440 3488 3520 3600  1440 1443 1453 1474 +hsync -vsync (73.7 kHz e)
[   115.421] (II) modeset(0): Modeline "2560x1440"x60.0  241.50  2560 2608 2640 2720  1440 1443 1448 1481 +hsync -vsync (88.8 kHz e)
[   115.421] (II) modeset(0): Modeline "2560x1080"x60.0  198.00  2560 2808 2852 3000  1080 1084 1089 1100 +hsync +vsync (66.0 kHz e)
[   115.421] (II) modeset(0): Modeline "2560x1080"x59.9  197.80  2560 2808 2852 3000  1080 1084 1089 1100 +hsync +vsync (65.9 kHz e)
[   115.421] (II) modeset(0): Modeline "1920x1080"x60.0  148.50  1920 2008 2052 2200  1080 1084 1089 1125 +hsync +vsync (67.5 kHz e)
[   115.421] (II) modeset(0): Modeline "1920x1080"x50.0  148.50  1920 2448 2492 2640  1080 1084 1089 1125 +hsync +vsync (56.2 kHz e)
[   115.421] (II) modeset(0): Modeline "1920x1080"x59.9  148.35  1920 2008 2052 2200  1080 1084 1089 1125 +hsync +vsync (67.4 kHz e)
[   115.421] (II) modeset(0): Modeline "1680x1050"x59.9  119.00  1680 1728 1760 1840  1050 1053 1059 1080 +hsync -vsync (64.7 kHz e)
[   115.421] (II) modeset(0): Modeline "1600x900"x60.0  108.00  1600 1624 1704 1800  900 901 904 1000 +hsync +vsync (60.0 kHz e)
[   115.421] (II) modeset(0): Modeline "1280x1024"x75.0  135.00  1280 1296 1440 1688  1024 1025 1028 1066 +hsync +vsync (80.0 kHz e)
[   115.421] (II) modeset(0): Modeline "1280x1024"x60.0  108.00  1280 1328 1440 1688  1024 1025 1028 1066 +hsync +vsync (64.0 kHz e)
[   115.421] (II) modeset(0): Modeline "1440x900"x59.9   88.75  1440 1488 1520 1600  900 903 909 926 +hsync -vsync (55.5 kHz e)
[   115.421] (II) modeset(0): Modeline "1280x800"x59.9   71.00  1280 1328 1360 1440  800 803 809 823 +hsync -vsync (49.3 kHz e)
[   115.421] (II) modeset(0): Modeline "1152x864"x75.0  108.00  1152 1216 1344 1600  864 865 868 900 +hsync +vsync (67.5 kHz e)
[   115.421] (II) modeset(0): Modeline "1280x720"x60.0   74.25  1280 1390 1430 1650  720 725 730 750 +hsync +vsync (45.0 kHz e)
[   115.421] (II) modeset(0): Modeline "1280x720"x50.0   74.25  1280 1720 1760 1980  720 725 730 750 +hsync +vsync (37.5 kHz e)
[   115.421] (II) modeset(0): Modeline "1280x720"x59.9   74.18  1280 1390 1430 1650  720 725 730 750 +hsync +vsync (45.0 kHz e)
[   115.421] (II) modeset(0): Modeline "1024x768"x75.0   78.75  1024 1040 1136 1312  768 769 772 800 +hsync +vsync (60.0 kHz e)
[   115.421] (II) modeset(0): Modeline "1024x768"x70.1   75.00  1024 1048 1184 1328  768 771 777 806 -hsync -vsync (56.5 kHz e)
[   115.421] (II) modeset(0): Modeline "1024x768"x60.0   65.00  1024 1048 1184 1344  768 771 777 806 -hsync -vsync (48.4 kHz e)
[   115.421] (II) modeset(0): Modeline "832x624"x74.6   57.28  832 864 928 1152  624 625 628 667 -hsync -vsync (49.7 kHz e)
[   115.421] (II) modeset(0): Modeline "800x600"x72.2   50.00  800 856 976 1040  600 637 643 666 +hsync +vsync (48.1 kHz e)
[   115.421] (II) modeset(0): Modeline "800x600"x75.0   49.50  800 816 896 1056  600 601 604 625 +hsync +vsync (46.9 kHz e)
[   115.421] (II) modeset(0): Modeline "800x600"x60.3   40.00  800 840 968 1056  600 601 605 628 +hsync +vsync (37.9 kHz e)
[   115.421] (II) modeset(0): Modeline "800x600"x56.2   36.00  800 824 896 1024  600 601 603 625 +hsync +vsync (35.2 kHz e)
[   115.421] (II) modeset(0): Modeline "720x576"x50.0   27.00  720 732 796 864  576 581 586 625 -hsync -vsync (31.2 kHz e)
[   115.421] (II) modeset(0): Modeline "720x480"x60.0   27.03  720 736 798 858  480 489 495 525 -hsync -vsync (31.5 kHz e)
[   115.421] (II) modeset(0): Modeline "720x480"x59.9   27.00  720 736 798 858  480 489 495 525 -hsync -vsync (31.5 kHz e)
[   115.421] (II) modeset(0): Modeline "640x480"x75.0   31.50  640 656 720 840  480 481 484 500 -hsync -vsync (37.5 kHz e)
[   115.421] (II) modeset(0): Modeline "640x480"x72.8   31.50  640 664 704 832  480 489 492 520 -hsync -vsync (37.9 kHz e)
[   115.421] (II) modeset(0): Modeline "640x480"x66.7   30.24  640 704 768 864  480 483 486 525 -hsync -vsync (35.0 kHz e)
[   115.421] (II) modeset(0): Modeline "640x480"x60.0   25.20  640 656 752 800  480 490 492 525 -hsync -vsync (31.5 kHz e)
[   115.421] (II) modeset(0): Modeline "640x480"x59.9   25.18  640 656 752 800  480 490 492 525 -hsync -vsync (31.5 kHz e)
[   115.421] (II) modeset(0): Modeline "720x400"x70.1   28.32  720 738 846 900  400 412 414 449 -hsync +vsync (31.5 kHz e)
[   115.421] (II) modeset(0): Output eDP-1 connected
[   115.421] (II) modeset(0): Output HDMI-1 connected
[   115.421] (II) modeset(0): Using exact sizes for initial modes
[   115.421] (II) modeset(0): Output eDP-1 using initial mode 1920x1080 +0+0
[   115.421] (II) modeset(0): Output HDMI-1 using initial mode 1920x1080 +0+0
[   115.421] (==) modeset(0): Using gamma correction (1.0, 1.0, 1.0)
[   115.421] (==) modeset(0): DPI set to (96, 96)
[   115.421] (II) Loading sub module "fb"
[   115.421] (II) LoadModule: "fb"
[   115.421] (II) Loading /usr/lib/xorg/modules/libfb.so
[   115.421] (II) Module fb: vendor="X.Org Foundation"
[   115.421] 	compiled for 1.20.11, module version = 1.0.0
[   115.421] 	ABI class: X.Org ANSI C Emulation, version 0.4
[   115.421] (==) modeset(G0): Depth 24, (==) framebuffer bpp 32
[   115.421] (==) modeset(G0): RGB weight 888
[   115.421] (==) modeset(G0): Default visual is TrueColor
[   115.421] (II) Loading sub module "glamoregl"
[   115.421] (II) LoadModule: "glamoregl"
[   115.421] (II) Loading /usr/lib/xorg/modules/libglamoregl.so
[   115.421] (II) Module glamoregl: vendor="X.Org Foundation"
[   115.421] 	compiled for 1.20.11, module version = 1.0.1
[   115.421] 	ABI class: X.Org ANSI C Emulation, version 0.4
[   115.443] (II) modeset(G0): glamor X acceleration enabled on NV167
[   115.443] (II) modeset(G0): glamor initialized
[   115.527] (II) modeset(G0): Output DP-1-1 has no monitor section
[   115.615] (II) modeset(G0): EDID for output DP-1-1
[   115.615] (==) modeset(G0): Using gamma correction (1.0, 1.0, 1.0)
[   115.615] (==) modeset(G0): DPI set to (96, 96)
[   115.615] (II) Loading sub module "fb"
[   115.615] (II) LoadModule: "fb"
[   115.615] (II) Loading /usr/lib/xorg/modules/libfb.so
[   115.615] (II) Module fb: vendor="X.Org Foundation"
[   115.615] 	compiled for 1.20.11, module version = 1.0.0
[   115.615] 	ABI class: X.Org ANSI C Emulation, version 0.4
[   115.615] (II) UnloadModule: "fbdev"
[   115.615] (II) Unloading fbdev
[   115.615] (II) UnloadSubModule: "fbdevhw"
[   115.615] (II) Unloading fbdevhw
[   115.615] (II) UnloadModule: "vesa"
[   115.615] (II) Unloading vesa
[   115.620] (==) modeset(0): Backing store enabled
[   115.620] (==) modeset(0): Silken mouse enabled
[   115.853] (II) modeset(0): Initializing kms color map for depth 24, 8 bpc.
[   115.853] (==) modeset(0): DPMS enabled
[   115.853] (II) modeset(0): [DRI2] Setup complete
[   115.853] (II) modeset(0): [DRI2]   DRI driver: iris
[   115.853] (II) modeset(0): [DRI2]   VDPAU driver: va_gl
[   115.861] (==) modeset(G0): Backing store enabled
[   115.861] (==) modeset(G0): Silken mouse enabled
[   115.861] (II) modeset(G0): Initializing kms color map for depth 24, 8 bpc.
[   115.861] (==) modeset(G0): DPMS enabled
[   115.861] (II) modeset(G0): [DRI2] Setup complete
[   115.861] (II) modeset(G0): [DRI2]   DRI driver: nouveau
[   115.861] (II) modeset(G0): [DRI2]   VDPAU driver: nouveau
[   115.861] (II) Initializing extension Generic Event Extension
[   115.862] (II) Initializing extension SHAPE
[   115.862] (II) Initializing extension MIT-SHM
[   115.862] (II) Initializing extension XInputExtension
[   115.863] (II) Initializing extension XTEST
[   115.863] (II) Initializing extension BIG-REQUESTS
[   115.864] (II) Initializing extension SYNC
[   115.864] (II) Initializing extension XKEYBOARD
[   115.864] (II) Initializing extension XC-MISC
[   115.865] (II) Initializing extension SECURITY
[   115.865] (II) Initializing extension XFIXES
[   115.865] (II) Initializing extension RENDER
[   115.866] (II) Initializing extension RANDR
[   115.866] (II) Initializing extension COMPOSITE
[   115.866] (II) Initializing extension DAMAGE
[   115.867] (II) Initializing extension MIT-SCREEN-SAVER
[   115.867] (II) Initializing extension DOUBLE-BUFFER
[   115.867] (II) Initializing extension RECORD
[   115.868] (II) Initializing extension DPMS
[   115.868] (II) Initializing extension Present
[   115.868] (II) Initializing extension DRI3
[   115.869] (II) Initializing extension X-Resource
[   115.869] (II) Initializing extension XVideo
[   115.869] (II) Initializing extension XVideo-MotionCompensation
[   115.869] (II) Initializing extension SELinux
[   115.869] (II) SELinux: Disabled on system
[   115.869] (II) Initializing extension GLX
[   115.892] (II) AIGLX: Loaded and initialized iris
[   115.892] (II) GLX: Initialized DRI2 GL provider for screen 0
[   115.892] (II) Initializing extension XFree86-VidModeExtension
[   115.892] (II) Initializing extension XFree86-DGA
[   115.892] (II) Initializing extension XFree86-DRI
[   115.892] (II) Initializing extension DRI2
[   115.894] (II) modeset(G0): Damage tracking initialized
[   115.895] (II) modeset(0): Damage tracking initialized
[   115.895] (II) modeset(0): Setting screen physical size to 508 x 285
[   115.930] (II) config/udev: Adding input device Power Button (/dev/input/event4)
[   115.930] (**) Power Button: Applying InputClass "libinput keyboard catchall"
[   115.930] (II) LoadModule: "libinput"
[   115.930] (II) Loading /usr/lib/xorg/modules/input/libinput_drv.so
[   115.931] (II) Module libinput: vendor="X.Org Foundation"
[   115.931] 	compiled for 1.20.8, module version = 0.30.0
[   115.931] 	Module class: X.Org XInput Driver
[   115.931] 	ABI class: X.Org XInput driver, version 24.1
[   115.931] (II) Using input driver 'libinput' for 'Power Button'
[   115.931] (**) Power Button: always reports core events
[   115.931] (**) Option "Device" "/dev/input/event4"
[   115.931] (**) Option "_source" "server/udev"
[   115.932] (II) event4  - Power Button: is tagged by udev as: Keyboard
[   115.932] (II) event4  - Power Button: device is a keyboard
[   115.933] (II) event4  - Power Button: device removed
[   115.951] (**) Option "config_info" "udev:/sys/devices/LNXSYSTM:00/LNXPWRBN:00/input/input8/event4"
[   115.951] (II) XINPUT: Adding extended input device "Power Button" (type: KEYBOARD, id 6)
[   115.951] (**) Option "xkb_model" "pc105"
[   115.951] (**) Option "xkb_layout" "us"
[   115.952] (II) event4  - Power Button: is tagged by udev as: Keyboard
[   115.952] (II) event4  - Power Button: device is a keyboard
[   115.952] (II) config/udev: Adding input device Video Bus (/dev/input/event6)
[   115.952] (**) Video Bus: Applying InputClass "libinput keyboard catchall"
[   115.952] (II) Using input driver 'libinput' for 'Video Bus'
[   115.952] (**) Video Bus: always reports core events
[   115.952] (**) Option "Device" "/dev/input/event6"
[   115.952] (**) Option "_source" "server/udev"
[   115.953] (II) event6  - Video Bus: is tagged by udev as: Keyboard
[   115.953] (II) event6  - Video Bus: device is a keyboard
[   115.953] (II) event6  - Video Bus: device removed
[   115.983] (**) Option "config_info" "udev:/sys/devices/LNXSYSTM:00/LNXSYBUS:00/PNP0A08:00/LNXVIDEO:01/input/input12/event6"
[   115.983] (II) XINPUT: Adding extended input device "Video Bus" (type: KEYBOARD, id 7)
[   115.983] (**) Option "xkb_model" "pc105"
[   115.983] (**) Option "xkb_layout" "us"
[   115.984] (II) event6  - Video Bus: is tagged by udev as: Keyboard
[   115.984] (II) event6  - Video Bus: device is a keyboard
[   115.984] (II) config/udev: Adding input device Video Bus (/dev/input/event5)
[   115.984] (**) Video Bus: Applying InputClass "libinput keyboard catchall"
[   115.984] (II) Using input driver 'libinput' for 'Video Bus'
[   115.984] (**) Video Bus: always reports core events
[   115.984] (**) Option "Device" "/dev/input/event5"
[   115.984] (**) Option "_source" "server/udev"
[   115.985] (II) event5  - Video Bus: is tagged by udev as: Keyboard
[   115.985] (II) event5  - Video Bus: device is a keyboard
[   115.985] (II) event5  - Video Bus: device removed
[   116.015] (**) Option "config_info" "udev:/sys/devices/LNXSYSTM:00/LNXSYBUS:00/PNP0A08:00/device:00/LNXVIDEO:00/input/input11/event5"
[   116.015] (II) XINPUT: Adding extended input device "Video Bus" (type: KEYBOARD, id 8)
[   116.015] (**) Option "xkb_model" "pc105"
[   116.015] (**) Option "xkb_layout" "us"
[   116.017] (II) event5  - Video Bus: is tagged by udev as: Keyboard
[   116.017] (II) event5  - Video Bus: device is a keyboard
[   116.018] (II) config/udev: Adding input device Power Button (/dev/input/event1)
[   116.018] (**) Power Button: Applying InputClass "libinput keyboard catchall"
[   116.018] (II) Using input driver 'libinput' for 'Power Button'
[   116.018] (**) Power Button: always reports core events
[   116.018] (**) Option "Device" "/dev/input/event1"
[   116.018] (**) Option "_source" "server/udev"
[   116.019] (II) event1  - Power Button: is tagged by udev as: Keyboard
[   116.020] (II) event1  - Power Button: device is a keyboard
[   116.020] (II) event1  - Power Button: device removed
[   116.039] (**) Option "config_info" "udev:/sys/devices/LNXSYSTM:00/LNXSYBUS:00/PNP0C0C:00/input/input5/event1"
[   116.039] (II) XINPUT: Adding extended input device "Power Button" (type: KEYBOARD, id 9)
[   116.039] (**) Option "xkb_model" "pc105"
[   116.039] (**) Option "xkb_layout" "us"
[   116.042] (II) event1  - Power Button: is tagged by udev as: Keyboard
[   116.042] (II) event1  - Power Button: device is a keyboard
[   116.044] (II) config/udev: Adding input device Lid Switch (/dev/input/event3)
[   116.044] (II) No input driver specified, ignoring this device.
[   116.044] (II) This device may have been added with another device file.
[   116.045] (II) config/udev: Adding input device Sleep Button (/dev/input/event2)
[   116.045] (**) Sleep Button: Applying InputClass "libinput keyboard catchall"
[   116.045] (II) Using input driver 'libinput' for 'Sleep Button'
[   116.045] (**) Sleep Button: always reports core events
[   116.045] (**) Option "Device" "/dev/input/event2"
[   116.045] (**) Option "_source" "server/udev"
[   116.047] (II) event2  - Sleep Button: is tagged by udev as: Keyboard
[   116.047] (II) event2  - Sleep Button: device is a keyboard
[   116.048] (II) event2  - Sleep Button: device removed
[   116.063] (**) Option "config_info" "udev:/sys/devices/LNXSYSTM:00/LNXSYBUS:00/PNP0C0E:00/input/input6/event2"
[   116.063] (II) XINPUT: Adding extended input device "Sleep Button" (type: KEYBOARD, id 10)
[   116.063] (**) Option "xkb_model" "pc105"
[   116.063] (**) Option "xkb_layout" "us"
[   116.066] (II) event2  - Sleep Button: is tagged by udev as: Keyboard
[   116.066] (II) event2  - Sleep Button: device is a keyboard
[   116.068] (II) config/udev: Adding input device HDA NVidia HDMI/DP,pcm=3 (/dev/input/event29)
[   116.068] (II) No input driver specified, ignoring this device.
[   116.068] (II) This device may have been added with another device file.
[   116.069] (II) config/udev: Adding input device HDA NVidia HDMI/DP,pcm=7 (/dev/input/event30)
[   116.069] (II) No input driver specified, ignoring this device.
[   116.069] (II) This device may have been added with another device file.
[   116.070] (II) config/udev: Adding input device HDA NVidia HDMI/DP,pcm=8 (/dev/input/event31)
[   116.070] (II) No input driver specified, ignoring this device.
[   116.070] (II) This device may have been added with another device file.
[   116.071] (II) config/udev: Adding input device HDA NVidia HDMI/DP,pcm=9 (/dev/input/event256)
[   116.071] (II) No input driver specified, ignoring this device.
[   116.071] (II) This device may have been added with another device file.
[   116.074] (II) config/udev: Adding input device Logitech G502 HERO Gaming Mouse (/dev/input/event9)
[   116.074] (**) Logitech G502 HERO Gaming Mouse: Applying InputClass "libinput pointer catchall"
[   116.074] (II) Using input driver 'libinput' for 'Logitech G502 HERO Gaming Mouse'
[   116.074] (**) Logitech G502 HERO Gaming Mouse: always reports core events
[   116.074] (**) Option "Device" "/dev/input/event9"
[   116.074] (**) Option "_source" "server/udev"
[   116.135] (II) event9  - Logitech G502 HERO Gaming Mouse: is tagged by udev as: Mouse
[   116.135] (II) event9  - Logitech G502 HERO Gaming Mouse: device set to 2400 DPI
[   116.135] (II) event9  - Logitech G502 HERO Gaming Mouse: device is a pointer
[   116.136] (II) event9  - Logitech G502 HERO Gaming Mouse: device removed
[   116.171] (**) Option "config_info" "udev:/sys/devices/pci0000:00/0000:00:14.0/usb1/1-1/1-1.1/1-1.1:1.0/0003:046D:C08B.0002/input/input18/event9"
[   116.171] (II) XINPUT: Adding extended input device "Logitech G502 HERO Gaming Mouse" (type: MOUSE, id 11)
[   116.171] (**) Option "AccelerationScheme" "none"
[   116.171] (**) Logitech G502 HERO Gaming Mouse: (accel) selected scheme none/0
[   116.171] (**) Logitech G502 HERO Gaming Mouse: (accel) acceleration factor: 2.000
[   116.171] (**) Logitech G502 HERO Gaming Mouse: (accel) acceleration threshold: 4
[   116.235] (II) event9  - Logitech G502 HERO Gaming Mouse: is tagged by udev as: Mouse
[   116.235] (II) event9  - Logitech G502 HERO Gaming Mouse: device set to 2400 DPI
[   116.235] (II) event9  - Logitech G502 HERO Gaming Mouse: device is a pointer
[   116.237] (II) config/udev: Adding input device Logitech G502 HERO Gaming Mouse (/dev/input/mouse2)
[   116.237] (II) No input driver specified, ignoring this device.
[   116.237] (II) This device may have been added with another device file.
[   116.239] (II) config/udev: Adding input device Logitech G502 HERO Gaming Mouse Keyboard (/dev/input/event10)
[   116.239] (**) Logitech G502 HERO Gaming Mouse Keyboard: Applying InputClass "libinput keyboard catchall"
[   116.239] (II) Using input driver 'libinput' for 'Logitech G502 HERO Gaming Mouse Keyboard'
[   116.239] (**) Logitech G502 HERO Gaming Mouse Keyboard: always reports core events
[   116.239] (**) Option "Device" "/dev/input/event10"
[   116.239] (**) Option "_source" "server/udev"
[   116.244] (II) event10 - Logitech G502 HERO Gaming Mouse Keyboard: is tagged by udev as: Keyboard
[   116.244] (II) event10 - Logitech G502 HERO Gaming Mouse Keyboard: device is a keyboard
[   116.244] (II) event10 - Logitech G502 HERO Gaming Mouse Keyboard: device removed
[   116.263] (**) Option "config_info" "udev:/sys/devices/pci0000:00/0000:00:14.0/usb1/1-1/1-1.1/1-1.1:1.1/0003:046D:C08B.0003/input/input19/event10"
[   116.263] (II) XINPUT: Adding extended input device "Logitech G502 HERO Gaming Mouse Keyboard" (type: KEYBOARD, id 12)
[   116.263] (**) Option "xkb_model" "pc105"
[   116.263] (**) Option "xkb_layout" "us"
[   116.268] (II) event10 - Logitech G502 HERO Gaming Mouse Keyboard: is tagged by udev as: Keyboard
[   116.268] (II) event10 - Logitech G502 HERO Gaming Mouse Keyboard: device is a keyboard
[   116.271] (II) config/udev: Adding input device Logitech G502 HERO Gaming Mouse Consumer Control (/dev/input/event11)
[   116.271] (**) Logitech G502 HERO Gaming Mouse Consumer Control: Applying InputClass "libinput keyboard catchall"
[   116.271] (II) Using input driver 'libinput' for 'Logitech G502 HERO Gaming Mouse Consumer Control'
[   116.271] (**) Logitech G502 HERO Gaming Mouse Consumer Control: always reports core events
[   116.271] (**) Option "Device" "/dev/input/event11"
[   116.271] (**) Option "_source" "server/udev"
[   116.275] (II) event11 - Logitech G502 HERO Gaming Mouse Consumer Control: is tagged by udev as: Keyboard
[   116.275] (II) event11 - Logitech G502 HERO Gaming Mouse Consumer Control: device is a keyboard
[   116.276] (II) event11 - Logitech G502 HERO Gaming Mouse Consumer Control: device removed
[   116.295] (II) libinput: Logitech G502 HERO Gaming Mouse Consumer Control: needs a virtual subdevice
[   116.295] (**) Option "config_info" "udev:/sys/devices/pci0000:00/0000:00:14.0/usb1/1-1/1-1.1/1-1.1:1.1/0003:046D:C08B.0003/input/input20/event11"
[   116.295] (II) XINPUT: Adding extended input device "Logitech G502 HERO Gaming Mouse Consumer Control" (type: MOUSE, id 13)
[   116.295] (**) Option "AccelerationScheme" "none"
[   116.295] (**) Logitech G502 HERO Gaming Mouse Consumer Control: (accel) selected scheme none/0
[   116.295] (**) Logitech G502 HERO Gaming Mouse Consumer Control: (accel) acceleration factor: 2.000
[   116.295] (**) Logitech G502 HERO Gaming Mouse Consumer Control: (accel) acceleration threshold: 4
[   116.300] (II) event11 - Logitech G502 HERO Gaming Mouse Consumer Control: is tagged by udev as: Keyboard
[   116.300] (II) event11 - Logitech G502 HERO Gaming Mouse Consumer Control: device is a keyboard
[   116.302] (II) config/udev: Adding input device Logitech G502 HERO Gaming Mouse System Control (/dev/input/event12)
[   116.302] (**) Logitech G502 HERO Gaming Mouse System Control: Applying InputClass "libinput keyboard catchall"
[   116.302] (II) Using input driver 'libinput' for 'Logitech G502 HERO Gaming Mouse System Control'
[   116.302] (**) Logitech G502 HERO Gaming Mouse System Control: always reports core events
[   116.302] (**) Option "Device" "/dev/input/event12"
[   116.302] (**) Option "_source" "server/udev"
[   116.307] (II) event12 - Logitech G502 HERO Gaming Mouse System Control: is tagged by udev as: Keyboard
[   116.307] (II) event12 - Logitech G502 HERO Gaming Mouse System Control: device is a keyboard
[   116.307] (II) event12 - Logitech G502 HERO Gaming Mouse System Control: device removed
[   116.327] (**) Option "config_info" "udev:/sys/devices/pci0000:00/0000:00:14.0/usb1/1-1/1-1.1/1-1.1:1.1/0003:046D:C08B.0003/input/input21/event12"
[   116.327] (II) XINPUT: Adding extended input device "Logitech G502 HERO Gaming Mouse System Control" (type: KEYBOARD, id 14)
[   116.327] (**) Option "xkb_model" "pc105"
[   116.327] (**) Option "xkb_layout" "us"
[   116.332] (II) event12 - Logitech G502 HERO Gaming Mouse System Control: is tagged by udev as: Keyboard
[   116.332] (II) event12 - Logitech G502 HERO Gaming Mouse System Control: device is a keyboard
[   116.334] (II) config/udev: Adding input device Kingston HyperX Alloy FPS Mechanical Gaming Keyboard (/dev/input/event13)
[   116.334] (**) Kingston HyperX Alloy FPS Mechanical Gaming Keyboard: Applying InputClass "libinput keyboard catchall"
[   116.334] (II) Using input driver 'libinput' for 'Kingston HyperX Alloy FPS Mechanical Gaming Keyboard'
[   116.334] (**) Kingston HyperX Alloy FPS Mechanical Gaming Keyboard: always reports core events
[   116.334] (**) Option "Device" "/dev/input/event13"
[   116.334] (**) Option "_source" "server/udev"
[   116.339] (II) event13 - Kingston HyperX Alloy FPS Mechanical Gaming Keyboard: is tagged by udev as: Keyboard
[   116.339] (II) event13 - Kingston HyperX Alloy FPS Mechanical Gaming Keyboard: device is a keyboard
[   116.340] (II) event13 - Kingston HyperX Alloy FPS Mechanical Gaming Keyboard: device removed
[   116.359] (**) Option "config_info" "udev:/sys/devices/pci0000:00/0000:00:14.0/usb1/1-1/1-1.2/1-1.2:1.0/0003:0951:16B7.0004/input/input24/event13"
[   116.359] (II) XINPUT: Adding extended input device "Kingston HyperX Alloy FPS Mechanical Gaming Keyboard" (type: KEYBOARD, id 15)
[   116.359] (**) Option "xkb_model" "pc105"
[   116.359] (**) Option "xkb_layout" "us"
[   116.364] (II) event13 - Kingston HyperX Alloy FPS Mechanical Gaming Keyboard: is tagged by udev as: Keyboard
[   116.364] (II) event13 - Kingston HyperX Alloy FPS Mechanical Gaming Keyboard: device is a keyboard
[   116.367] (II) config/udev: Adding input device Kingston HyperX Alloy FPS Mechanical Gaming Keyboard Mouse (/dev/input/event14)
[   116.367] (**) Kingston HyperX Alloy FPS Mechanical Gaming Keyboard Mouse: Applying InputClass "libinput pointer catchall"
[   116.367] (II) Using input driver 'libinput' for 'Kingston HyperX Alloy FPS Mechanical Gaming Keyboard Mouse'
[   116.367] (**) Kingston HyperX Alloy FPS Mechanical Gaming Keyboard Mouse: always reports core events
[   116.367] (**) Option "Device" "/dev/input/event14"
[   116.367] (**) Option "_source" "server/udev"
[   116.371] (II) event14 - Kingston HyperX Alloy FPS Mechanical Gaming Keyboard Mouse: is tagged by udev as: Mouse
[   116.372] (II) event14 - Kingston HyperX Alloy FPS Mechanical Gaming Keyboard Mouse: device is a pointer
[   116.372] (II) event14 - Kingston HyperX Alloy FPS Mechanical Gaming Keyboard Mouse: device removed
[   116.407] (**) Option "config_info" "udev:/sys/devices/pci0000:00/0000:00:14.0/usb1/1-1/1-1.2/1-1.2:1.1/0003:0951:16B7.0005/input/input25/event14"
[   116.407] (II) XINPUT: Adding extended input device "Kingston HyperX Alloy FPS Mechanical Gaming Keyboard Mouse" (type: MOUSE, id 16)
[   116.407] (**) Option "AccelerationScheme" "none"
[   116.407] (**) Kingston HyperX Alloy FPS Mechanical Gaming Keyboard Mouse: (accel) selected scheme none/0
[   116.407] (**) Kingston HyperX Alloy FPS Mechanical Gaming Keyboard Mouse: (accel) acceleration factor: 2.000
[   116.407] (**) Kingston HyperX Alloy FPS Mechanical Gaming Keyboard Mouse: (accel) acceleration threshold: 4
[   116.412] (II) event14 - Kingston HyperX Alloy FPS Mechanical Gaming Keyboard Mouse: is tagged by udev as: Mouse
[   116.412] (II) event14 - Kingston HyperX Alloy FPS Mechanical Gaming Keyboard Mouse: device is a pointer
[   116.415] (II) config/udev: Adding input device Kingston HyperX Alloy FPS Mechanical Gaming Keyboard Mouse (/dev/input/mouse3)
[   116.415] (II) No input driver specified, ignoring this device.
[   116.415] (II) This device may have been added with another device file.
[   116.417] (II) config/udev: Adding input device Kingston HyperX Alloy FPS Mechanical Gaming Keyboard System Control (/dev/input/event15)
[   116.417] (**) Kingston HyperX Alloy FPS Mechanical Gaming Keyboard System Control: Applying InputClass "libinput keyboard catchall"
[   116.417] (II) Using input driver 'libinput' for 'Kingston HyperX Alloy FPS Mechanical Gaming Keyboard System Control'
[   116.417] (**) Kingston HyperX Alloy FPS Mechanical Gaming Keyboard System Control: always reports core events
[   116.417] (**) Option "Device" "/dev/input/event15"
[   116.417] (**) Option "_source" "server/udev"
[   116.421] (II) event15 - Kingston HyperX Alloy FPS Mechanical Gaming Keyboard System Control: is tagged by udev as: Keyboard
[   116.421] (II) event15 - Kingston HyperX Alloy FPS Mechanical Gaming Keyboard System Control: device is a keyboard
[   116.422] (II) event15 - Kingston HyperX Alloy FPS Mechanical Gaming Keyboard System Control: device removed
[   116.439] (**) Option "config_info" "udev:/sys/devices/pci0000:00/0000:00:14.0/usb1/1-1/1-1.2/1-1.2:1.1/0003:0951:16B7.0005/input/input26/event15"
[   116.439] (II) XINPUT: Adding extended input device "Kingston HyperX Alloy FPS Mechanical Gaming Keyboard System Control" (type: KEYBOARD, id 17)
[   116.439] (**) Option "xkb_model" "pc105"
[   116.439] (**) Option "xkb_layout" "us"
[   116.444] (II) event15 - Kingston HyperX Alloy FPS Mechanical Gaming Keyboard System Control: is tagged by udev as: Keyboard
[   116.444] (II) event15 - Kingston HyperX Alloy FPS Mechanical Gaming Keyboard System Control: device is a keyboard
[   116.447] (II) config/udev: Adding input device Kingston HyperX Alloy FPS Mechanical Gaming Keyboard Consumer Control (/dev/input/event16)
[   116.447] (**) Kingston HyperX Alloy FPS Mechanical Gaming Keyboard Consumer Control: Applying InputClass "libinput keyboard catchall"
[   116.447] (II) Using input driver 'libinput' for 'Kingston HyperX Alloy FPS Mechanical Gaming Keyboard Consumer Control'
[   116.447] (**) Kingston HyperX Alloy FPS Mechanical Gaming Keyboard Consumer Control: always reports core events
[   116.447] (**) Option "Device" "/dev/input/event16"
[   116.447] (**) Option "_source" "server/udev"
[   116.452] (II) event16 - Kingston HyperX Alloy FPS Mechanical Gaming Keyboard Consumer Control: is tagged by udev as: Keyboard
[   116.452] (II) event16 - Kingston HyperX Alloy FPS Mechanical Gaming Keyboard Consumer Control: device is a keyboard
[   116.452] (II) event16 - Kingston HyperX Alloy FPS Mechanical Gaming Keyboard Consumer Control: device removed
[   116.471] (II) libinput: Kingston HyperX Alloy FPS Mechanical Gaming Keyboard Consumer Control: needs a virtual subdevice
[   116.471] (**) Option "config_info" "udev:/sys/devices/pci0000:00/0000:00:14.0/usb1/1-1/1-1.2/1-1.2:1.1/0003:0951:16B7.0005/input/input27/event16"
[   116.471] (II) XINPUT: Adding extended input device "Kingston HyperX Alloy FPS Mechanical Gaming Keyboard Consumer Control" (type: MOUSE, id 18)
[   116.471] (**) Option "AccelerationScheme" "none"
[   116.471] (**) Kingston HyperX Alloy FPS Mechanical Gaming Keyboard Consumer Control: (accel) selected scheme none/0
[   116.471] (**) Kingston HyperX Alloy FPS Mechanical Gaming Keyboard Consumer Control: (accel) acceleration factor: 2.000
[   116.471] (**) Kingston HyperX Alloy FPS Mechanical Gaming Keyboard Consumer Control: (accel) acceleration threshold: 4
[   116.476] (II) event16 - Kingston HyperX Alloy FPS Mechanical Gaming Keyboard Consumer Control: is tagged by udev as: Keyboard
[   116.476] (II) event16 - Kingston HyperX Alloy FPS Mechanical Gaming Keyboard Consumer Control: device is a keyboard
[   116.479] (II) config/udev: Adding input device Kingston HyperX Alloy FPS Mechanical Gaming Keyboard (/dev/input/event17)
[   116.479] (**) Kingston HyperX Alloy FPS Mechanical Gaming Keyboard: Applying InputClass "libinput keyboard catchall"
[   116.479] (II) Using input driver 'libinput' for 'Kingston HyperX Alloy FPS Mechanical Gaming Keyboard'
[   116.479] (**) Kingston HyperX Alloy FPS Mechanical Gaming Keyboard: always reports core events
[   116.479] (**) Option "Device" "/dev/input/event17"
[   116.479] (**) Option "_source" "server/udev"
[   116.483] (II) event17 - Kingston HyperX Alloy FPS Mechanical Gaming Keyboard: is tagged by udev as: Keyboard
[   116.484] (II) event17 - Kingston HyperX Alloy FPS Mechanical Gaming Keyboard: device is a keyboard
[   116.484] (II) event17 - Kingston HyperX Alloy FPS Mechanical Gaming Keyboard: device removed
[   116.503] (**) Option "config_info" "udev:/sys/devices/pci0000:00/0000:00:14.0/usb1/1-1/1-1.2/1-1.2:1.1/0003:0951:16B7.0005/input/input29/event17"
[   116.503] (II) XINPUT: Adding extended input device "Kingston HyperX Alloy FPS Mechanical Gaming Keyboard" (type: KEYBOARD, id 19)
[   116.503] (**) Option "xkb_model" "pc105"
[   116.503] (**) Option "xkb_layout" "us"
[   116.508] (II) event17 - Kingston HyperX Alloy FPS Mechanical Gaming Keyboard: is tagged by udev as: Keyboard
[   116.508] (II) event17 - Kingston HyperX Alloy FPS Mechanical Gaming Keyboard: device is a keyboard
[   116.511] (II) config/udev: Adding input device SYNA1202:00 06CB:CD65 Mouse (/dev/input/event8)
[   116.511] (**) SYNA1202:00 06CB:CD65 Mouse: Applying InputClass "libinput pointer catchall"
[   116.511] (II) Using input driver 'libinput' for 'SYNA1202:00 06CB:CD65 Mouse'
[   116.511] (**) SYNA1202:00 06CB:CD65 Mouse: always reports core events
[   116.511] (**) Option "Device" "/dev/input/event8"
[   116.511] (**) Option "_source" "server/udev"
[   116.514] (II) event8  - SYNA1202:00 06CB:CD65 Mouse: is tagged by udev as: Mouse Pointingstick
[   116.515] (II) event8  - SYNA1202:00 06CB:CD65 Mouse: device is a pointer
[   116.519] (II) event8  - SYNA1202:00 06CB:CD65 Mouse: device removed
[   116.559] (**) Option "config_info" "udev:/sys/devices/pci0000:00/0000:00:15.0/i2c_designware.0/i2c-1/i2c-SYNA1202:00/0018:06CB:CD65.0001/input/input32/event8"
[   116.559] (II) XINPUT: Adding extended input device "SYNA1202:00 06CB:CD65 Mouse" (type: MOUSE, id 20)
[   116.559] (**) Option "AccelerationScheme" "none"
[   116.559] (**) SYNA1202:00 06CB:CD65 Mouse: (accel) selected scheme none/0
[   116.559] (**) SYNA1202:00 06CB:CD65 Mouse: (accel) acceleration factor: 2.000
[   116.559] (**) SYNA1202:00 06CB:CD65 Mouse: (accel) acceleration threshold: 4
[   116.563] (II) event8  - SYNA1202:00 06CB:CD65 Mouse: is tagged by udev as: Mouse Pointingstick
[   116.564] (II) event8  - SYNA1202:00 06CB:CD65 Mouse: device is a pointer
[   116.569] (II) config/udev: Adding input device SYNA1202:00 06CB:CD65 Mouse (/dev/input/mouse0)
[   116.569] (II) No input driver specified, ignoring this device.
[   116.569] (II) This device may have been added with another device file.
[   116.571] (II) config/udev: Adding input device SYNA1202:00 06CB:CD65 Touchpad (/dev/input/event19)
[   116.571] (**) SYNA1202:00 06CB:CD65 Touchpad: Applying InputClass "libinput touchpad catchall"
[   116.571] (II) Using input driver 'libinput' for 'SYNA1202:00 06CB:CD65 Touchpad'
[   116.571] (**) SYNA1202:00 06CB:CD65 Touchpad: always reports core events
[   116.571] (**) Option "Device" "/dev/input/event19"
[   116.571] (**) Option "_source" "server/udev"
[   116.575] (II) event19 - SYNA1202:00 06CB:CD65 Touchpad: is tagged by udev as: Touchpad
[   116.578] (II) event19 - SYNA1202:00 06CB:CD65 Touchpad: device is a touchpad
[   116.578] (II) event19 - SYNA1202:00 06CB:CD65 Touchpad: device removed
[   116.612] (**) Option "config_info" "udev:/sys/devices/pci0000:00/0000:00:15.0/i2c_designware.0/i2c-1/i2c-SYNA1202:00/0018:06CB:CD65.0001/input/input33/event19"
[   116.612] (II) XINPUT: Adding extended input device "SYNA1202:00 06CB:CD65 Touchpad" (type: TOUCHPAD, id 21)
[   116.613] (**) Option "AccelerationScheme" "none"
[   116.614] (**) SYNA1202:00 06CB:CD65 Touchpad: (accel) selected scheme none/0
[   116.614] (**) SYNA1202:00 06CB:CD65 Touchpad: (accel) acceleration factor: 2.000
[   116.614] (**) SYNA1202:00 06CB:CD65 Touchpad: (accel) acceleration threshold: 4
[   116.617] (II) event19 - SYNA1202:00 06CB:CD65 Touchpad: is tagged by udev as: Touchpad
[   116.621] (II) event19 - SYNA1202:00 06CB:CD65 Touchpad: device is a touchpad
[   116.623] (II) config/udev: Adding input device SYNA1202:00 06CB:CD65 Touchpad (/dev/input/mouse1)
[   116.623] (II) No input driver specified, ignoring this device.
[   116.623] (II) This device may have been added with another device file.
[   116.624] (II) config/udev: Adding input device HDA Digital PCBeep (/dev/input/event20)
[   116.624] (II) No input driver specified, ignoring this device.
[   116.624] (II) This device may have been added with another device file.
[   116.625] (II) config/udev: Adding input device HDA Intel PCH Headset Mic (/dev/input/event21)
[   116.625] (II) No input driver specified, ignoring this device.
[   116.625] (II) This device may have been added with another device file.
[   116.626] (II) config/udev: Adding input device HDA Intel PCH Mic (/dev/input/event22)
[   116.626] (II) No input driver specified, ignoring this device.
[   116.626] (II) This device may have been added with another device file.
[   116.627] (II) config/udev: Adding input device HDA Intel PCH Front Headphone (/dev/input/event23)
[   116.627] (II) No input driver specified, ignoring this device.
[   116.627] (II) This device may have been added with another device file.
[   116.628] (II) config/udev: Adding input device HDA Intel PCH HDMI/DP,pcm=3 (/dev/input/event24)
[   116.628] (II) No input driver specified, ignoring this device.
[   116.628] (II) This device may have been added with another device file.
[   116.629] (II) config/udev: Adding input device HDA Intel PCH HDMI/DP,pcm=7 (/dev/input/event25)
[   116.629] (II) No input driver specified, ignoring this device.
[   116.629] (II) This device may have been added with another device file.
[   116.629] (II) config/udev: Adding input device HDA Intel PCH HDMI/DP,pcm=8 (/dev/input/event26)
[   116.629] (II) No input driver specified, ignoring this device.
[   116.630] (II) This device may have been added with another device file.
[   116.630] (II) config/udev: Adding input device HDA Intel PCH HDMI/DP,pcm=9 (/dev/input/event27)
[   116.630] (II) No input driver specified, ignoring this device.
[   116.630] (II) This device may have been added with another device file.
[   116.631] (II) config/udev: Adding input device HDA Intel PCH HDMI/DP,pcm=10 (/dev/input/event28)
[   116.631] (II) No input driver specified, ignoring this device.
[   116.631] (II) This device may have been added with another device file.
[   116.632] (II) config/udev: Adding input device Intel HID events (/dev/input/event18)
[   116.632] (**) Intel HID events: Applying InputClass "libinput keyboard catchall"
[   116.632] (II) Using input driver 'libinput' for 'Intel HID events'
[   116.632] (**) Intel HID events: always reports core events
[   116.632] (**) Option "Device" "/dev/input/event18"
[   116.633] (**) Option "_source" "server/udev"
[   116.635] (II) event18 - Intel HID events: is tagged by udev as: Keyboard
[   116.635] (II) event18 - Intel HID events: device is a keyboard
[   116.636] (II) event18 - Intel HID events: device removed
[   116.659] (**) Option "config_info" "udev:/sys/devices/platform/INT33D5:00/input/input30/event18"
[   116.659] (II) XINPUT: Adding extended input device "Intel HID events" (type: KEYBOARD, id 22)
[   116.659] (**) Option "xkb_model" "pc105"
[   116.659] (**) Option "xkb_layout" "us"
[   116.662] (II) event18 - Intel HID events: is tagged by udev as: Keyboard
[   116.662] (II) event18 - Intel HID events: device is a keyboard
[   116.664] (II) config/udev: Adding input device AT Translated Set 2 keyboard (/dev/input/event0)
[   116.664] (**) AT Translated Set 2 keyboard: Applying InputClass "libinput keyboard catchall"
[   116.664] (II) Using input driver 'libinput' for 'AT Translated Set 2 keyboard'
[   116.664] (**) AT Translated Set 2 keyboard: always reports core events
[   116.664] (**) Option "Device" "/dev/input/event0"
[   116.664] (**) Option "_source" "server/udev"
[   116.667] (II) event0  - AT Translated Set 2 keyboard: is tagged by udev as: Keyboard
[   116.667] (II) event0  - AT Translated Set 2 keyboard: device is a keyboard
[   116.671] (II) event0  - AT Translated Set 2 keyboard: device removed
[   116.691] (**) Option "config_info" "udev:/sys/devices/platform/i8042/serio0/input/input0/event0"
[   116.691] (II) XINPUT: Adding extended input device "AT Translated Set 2 keyboard" (type: KEYBOARD, id 23)
[   116.691] (**) Option "xkb_model" "pc105"
[   116.691] (**) Option "xkb_layout" "us"
[   116.694] (II) event0  - AT Translated Set 2 keyboard: is tagged by udev as: Keyboard
[   116.695] (II) event0  - AT Translated Set 2 keyboard: device is a keyboard
[   116.700] (II) config/udev: Adding input device PC Speaker (/dev/input/event7)
[   116.700] (II) No input driver specified, ignoring this device.
[   116.700] (II) This device may have been added with another device file.
[   116.734] (**) Logitech G502 HERO Gaming Mouse Consumer Control: Applying InputClass "libinput keyboard catchall"
[   116.734] (II) Using input driver 'libinput' for 'Logitech G502 HERO Gaming Mouse Consumer Control'
[   116.734] (**) Logitech G502 HERO Gaming Mouse Consumer Control: always reports core events
[   116.734] (**) Option "Device" "/dev/input/event11"
[   116.734] (**) Option "_source" "_driver/libinput"
[   116.734] (II) libinput: Logitech G502 HERO Gaming Mouse Consumer Control: is a virtual subdevice
[   116.734] (**) Option "config_info" "udev:/sys/devices/pci0000:00/0000:00:14.0/usb1/1-1/1-1.1/1-1.1:1.1/0003:046D:C08B.0003/input/input20/event11"
[   116.734] (II) XINPUT: Adding extended input device "Logitech G502 HERO Gaming Mouse Consumer Control" (type: KEYBOARD, id 24)
[   116.734] (**) Option "xkb_model" "pc105"
[   116.734] (**) Option "xkb_layout" "us"
[   116.734] (**) Kingston HyperX Alloy FPS Mechanical Gaming Keyboard Consumer Control: Applying InputClass "libinput keyboard catchall"
[   116.734] (II) Using input driver 'libinput' for 'Kingston HyperX Alloy FPS Mechanical Gaming Keyboard Consumer Control'
[   116.734] (**) Kingston HyperX Alloy FPS Mechanical Gaming Keyboard Consumer Control: always reports core events
[   116.734] (**) Option "Device" "/dev/input/event16"
[   116.734] (**) Option "_source" "_driver/libinput"
[   116.734] (II) libinput: Kingston HyperX Alloy FPS Mechanical Gaming Keyboard Consumer Control: is a virtual subdevice
[   116.735] (**) Option "config_info" "udev:/sys/devices/pci0000:00/0000:00:14.0/usb1/1-1/1-1.2/1-1.2:1.1/0003:0951:16B7.0005/input/input27/event16"
[   116.735] (II) XINPUT: Adding extended input device "Kingston HyperX Alloy FPS Mechanical Gaming Keyboard Consumer Control" (type: KEYBOARD, id 25)
[   116.735] (**) Option "xkb_model" "pc105"
[   116.735] (**) Option "xkb_layout" "us"
[   117.626] (II) modeset(0): EDID vendor "AUO", prod id 17053
[   117.626] (II) modeset(0): Printing DDC gathered Modelines:
[   117.626] (II) modeset(0): Modeline "1920x1080"x0.0  144.00  1920 1936 1952 2100  1080 1083 1097 1142 -hsync -vsync (68.6 kHz eP)
[   117.626] (II) modeset(0): Modeline "1920x1080"x0.0  144.00  1920 1936 1952 2100  1080 1083 1097 1428 -hsync -vsync (68.6 kHz e)
[   117.653] (--) modeset(0): HDMI max TMDS frequency 300000KHz
[   117.677] (II) modeset(0): Allocate new frame buffer 3440x1440 stride
[   661.629] (EE) event13 - Kingston HyperX Alloy FPS Mechanical Gaming Keyboard: client bug: event processing lagging behind by 22ms, your system is too slow
[   835.987] (EE) event13 - Kingston HyperX Alloy FPS Mechanical Gaming Keyboard: client bug: event processing lagging behind by 28ms, your system is too slow
[  1017.998] (EE) event13 - Kingston HyperX Alloy FPS Mechanical Gaming Keyboard: client bug: event processing lagging behind by 22ms, your system is too slow
[  1192.790] (EE) event13 - Kingston HyperX Alloy FPS Mechanical Gaming Keyboard: client bug: event processing lagging behind by 38ms, your system is too slow
[  1280.246] (EE) event13 - Kingston HyperX Alloy FPS Mechanical Gaming Keyboard: client bug: event processing lagging behind by 39ms, your system is too slow
[  1280.246] (EE) event13 - Kingston HyperX Alloy FPS Mechanical Gaming Keyboard: WARNING: log rate limit exceeded (5 msgs per 60min). Discarding future messages.
